-Xajruntimetarget:1.5
-Xlint:ignore
-1.8
-encoding
UTF-8
-source
1.8
-target
1.8
-classpath
C:\Users\lukas\IdeaProjects\dp2-demo\common\target\common-1.0-SNAPSHOT.jar;C:\Users\lukas\IdeaProjects\dp2-demo\aspects\target\aspects-1.0-SNAPSHOT.jar;C:\Users\lukas\.m2\repository\org\aspectj\aspectjrt\1.8.10\aspectjrt-1.8.10.jar;C:\Users\lukas\.m2\repository\log4j\log4j\1.2.17\log4j-1.2.17.jar;C:\Users\lukas\.m2\repository\net\sourceforge\plantuml\plantuml\8059\plantuml-8059.jar;C:\Users\lukas\IdeaProjects\dp2-demo\application\target\classes
-aspectpath
C:\Users\lukas\IdeaProjects\dp2-demo\aspects\target\aspects-1.0-SNAPSHOT.jar
-d
C:\Users\lukas\IdeaProjects\dp2-demo\application\target\classes
C:\Users\lukas\IdeaProjects\dp2-demo\application\src\main\java\org\annoscheme\application\common\AbstractEntity.java
C:\Users\lukas\IdeaProjects\dp2-demo\application\src\main\java\org\annoscheme\application\device\Device.java
C:\Users\lukas\IdeaProjects\dp2-demo\application\src\main\java\org\annoscheme\application\device\DeviceRepository.java
C:\Users\lukas\IdeaProjects\dp2-demo\application\src\main\java\org\annoscheme\application\device\exception\DeviceNotFoundException.java
C:\Users\lukas\IdeaProjects\dp2-demo\application\src\main\java\org\annoscheme\application\Main.java
C:\Users\lukas\IdeaProjects\dp2-demo\application\src\main\java\org\annoscheme\application\restockOrder\RestockOrder.java
C:\Users\lukas\IdeaProjects\dp2-demo\application\src\main\java\org\annoscheme\application\restockOrder\RestockOrderRepository.java
C:\Users\lukas\IdeaProjects\dp2-demo\application\src\main\java\org\annoscheme\application\restockOrder\RestockOrderRequestModel.java
C:\Users\lukas\IdeaProjects\dp2-demo\application\src\main\java\org\annoscheme\application\restockOrder\RestockOrderService.java
